<configuration>
    <property>
        <name>test.green</name>
        <value>green</value>
    </property>
</configuration>
