<configuration>
    <property>
        <name>test.red</name>
        <value>red</value>
    </property>
</configuration>
