<configuration>
    <property>
        <name>test.blue</name>
        <value>blue</value>
    </property>
    <property>
        <name>test.blue.key</name>
        <value>bluevaluefromblue</value>
    </property>
</configuration>
