<configuration>
    <property>
        <name>test.blue</name>
        <value>blue</value>
    </property>
    <property>
        <name>test.blue.key</name>
        <value>bluevaluefromblue</value>
    </property>
    <property>
        <name>test.blue.interpolated.key</name>
        <value>${pxf.session.user}-blue</value>
    </property>
</configuration>
